0 info it worked if it ends with ok
1 verbose cli [ '/usr/local/bin/node',
1 verbose cli   '/usr/local/bin/npm',
1 verbose cli   'install',
1 verbose cli   'sleep' ]
2 info using npm@4.0.5
3 info using node@v7.4.0
4 silly loadCurrentTree Starting
5 silly install loadCurrentTree
6 silly install readLocalPackageData
7 silly fetchPackageMetaData sleep
8 silly fetchNamedPackageData sleep
9 silly mapToRegistry name sleep
10 silly mapToRegistry using default registry
11 silly mapToRegistry registry https://registry.npmjs.org/
12 silly mapToRegistry data Result {
12 silly mapToRegistry   raw: 'sleep',
12 silly mapToRegistry   scope: null,
12 silly mapToRegistry   escapedName: 'sleep',
12 silly mapToRegistry   name: 'sleep',
12 silly mapToRegistry   rawSpec: '',
12 silly mapToRegistry   spec: 'latest',
12 silly mapToRegistry   type: 'tag' }
13 silly mapToRegistry uri https://registry.npmjs.org/sleep
14 verbose request uri https://registry.npmjs.org/sleep
15 verbose request no auth needed
16 info attempt registry request try #1 at 1:14:52 PM
17 verbose request id dc842979f83cba93
18 verbose etag W/"58743b35-520a"
19 verbose lastModified Tue, 10 Jan 2017 01:39:01 GMT
20 http request GET https://registry.npmjs.org/sleep
21 http 304 https://registry.npmjs.org/sleep
22 verbose headers { date: 'Wed, 15 Feb 2017 20:30:16 GMT',
22 verbose headers   via: '1.1 varnish',
22 verbose headers   'cache-control': 'max-age=300',
22 verbose headers   etag: 'W/"58743b35-520a"',
22 verbose headers   age: '52',
22 verbose headers   connection: 'keep-alive',
22 verbose headers   'x-served-by': 'cache-den6020-DEN',
22 verbose headers   'x-cache': 'HIT',
22 verbose headers   'x-cache-hits': '1',
22 verbose headers   'x-timer': 'S1487190616.294431,VS0,VE0',
22 verbose headers   vary: 'Accept-Encoding' }
23 silly get cb [ 304,
23 silly get   { date: 'Wed, 15 Feb 2017 20:30:16 GMT',
23 silly get     via: '1.1 varnish',
23 silly get     'cache-control': 'max-age=300',
23 silly get     etag: 'W/"58743b35-520a"',
23 silly get     age: '52',
23 silly get     connection: 'keep-alive',
23 silly get     'x-served-by': 'cache-den6020-DEN',
23 silly get     'x-cache': 'HIT',
23 silly get     'x-cache-hits': '1',
23 silly get     'x-timer': 'S1487190616.294431,VS0,VE0',
23 silly get     vary: 'Accept-Encoding' } ]
24 verbose etag https://registry.npmjs.org/sleep from cache
25 verbose get saving sleep to /home/weipcao/.npm/registry.npmjs.org/sleep/.cache.json
26 verbose correctMkdir /home/weipcao/.npm correctMkdir not in flight; initializing
27 silly install normalizeTree
28 silly loadCurrentTree Finishing
29 silly loadIdealTree Starting
30 silly install loadIdealTree
31 silly cloneCurrentTree Starting
32 silly install cloneCurrentTreeToIdealTree
33 silly cloneCurrentTree Finishing
34 silly loadShrinkwrap Starting
35 silly install loadShrinkwrap
36 silly loadShrinkwrap Finishing
37 silly loadAllDepsIntoIdealTree Starting
38 silly install loadAllDepsIntoIdealTree
39 silly resolveWithNewModule sleep@5.1.0 checking installable status
40 silly cache add args [ 'sleep', null ]
41 verbose cache add spec sleep
42 silly cache add parsed spec Result {
42 silly cache add   raw: 'sleep',
42 silly cache add   scope: null,
42 silly cache add   escapedName: 'sleep',
42 silly cache add   name: 'sleep',
42 silly cache add   rawSpec: '',
42 silly cache add   spec: 'latest',
42 silly cache add   type: 'tag' }
43 silly addNamed sleep@latest
44 verbose addNamed "latest" is being treated as a dist-tag for sleep
45 info addNameTag [ 'sleep', 'latest' ]
46 silly mapToRegistry name sleep
47 silly mapToRegistry using default registry
48 silly mapToRegistry registry https://registry.npmjs.org/
49 silly mapToRegistry data Result {
49 silly mapToRegistry   raw: 'sleep',
49 silly mapToRegistry   scope: null,
49 silly mapToRegistry   escapedName: 'sleep',
49 silly mapToRegistry   name: 'sleep',
49 silly mapToRegistry   rawSpec: '',
49 silly mapToRegistry   spec: 'latest',
49 silly mapToRegistry   type: 'tag' }
50 silly mapToRegistry uri https://registry.npmjs.org/sleep
51 verbose addNameTag registry:https://registry.npmjs.org/sleep not in flight; fetching
52 verbose get https://registry.npmjs.org/sleep not expired, no request
53 silly addNameTag next cb for sleep with tag latest
54 silly addNamed sleep@5.1.0
55 verbose addNamed "5.1.0" is a plain semver version for sleep
56 silly cache afterAdd sleep@5.1.0
57 verbose afterAdd /home/weipcao/.npm/sleep/5.1.0/package/package.json not in flight; writing
58 verbose correctMkdir /home/weipcao/.npm correctMkdir not in flight; initializing
59 verbose afterAdd /home/weipcao/.npm/sleep/5.1.0/package/package.json written
60 silly fetchNamedPackageData nan
61 silly mapToRegistry name nan
62 silly mapToRegistry using default registry
63 silly mapToRegistry registry https://registry.npmjs.org/
64 silly mapToRegistry data Result {
64 silly mapToRegistry   raw: 'nan',
64 silly mapToRegistry   scope: null,
64 silly mapToRegistry   escapedName: 'nan',
64 silly mapToRegistry   name: 'nan',
64 silly mapToRegistry   rawSpec: '',
64 silly mapToRegistry   spec: 'latest',
64 silly mapToRegistry   type: 'tag' }
65 silly mapToRegistry uri https://registry.npmjs.org/nan
66 verbose request uri https://registry.npmjs.org/nan
67 verbose request no auth needed
68 info attempt registry request try #1 at 1:14:52 PM
69 verbose etag W/"58a44b6b-1df62"
70 verbose lastModified Wed, 15 Feb 2017 12:36:59 GMT
71 http request GET https://registry.npmjs.org/nan
72 http 304 https://registry.npmjs.org/nan
73 verbose headers { date: 'Wed, 15 Feb 2017 20:30:16 GMT',
73 verbose headers   via: '1.1 varnish',
73 verbose headers   'cache-control': 'max-age=300',
73 verbose headers   etag: 'W/"58a44b6b-1df62"',
73 verbose headers   age: '31',
73 verbose headers   connection: 'keep-alive',
73 verbose headers   'x-served-by': 'cache-den6020-DEN',
73 verbose headers   'x-cache': 'HIT',
73 verbose headers   'x-cache-hits': '3',
73 verbose headers   'x-timer': 'S1487190616.542648,VS0,VE0',
73 verbose headers   vary: 'Accept-Encoding' }
74 silly get cb [ 304,
74 silly get   { date: 'Wed, 15 Feb 2017 20:30:16 GMT',
74 silly get     via: '1.1 varnish',
74 silly get     'cache-control': 'max-age=300',
74 silly get     etag: 'W/"58a44b6b-1df62"',
74 silly get     age: '31',
74 silly get     connection: 'keep-alive',
74 silly get     'x-served-by': 'cache-den6020-DEN',
74 silly get     'x-cache': 'HIT',
74 silly get     'x-cache-hits': '3',
74 silly get     'x-timer': 'S1487190616.542648,VS0,VE0',
74 silly get     vary: 'Accept-Encoding' } ]
75 verbose etag https://registry.npmjs.org/nan from cache
76 verbose get saving nan to /home/weipcao/.npm/registry.npmjs.org/nan/.cache.json
77 verbose correctMkdir /home/weipcao/.npm correctMkdir not in flight; initializing
78 silly resolveWithNewModule nan@2.5.1 checking installable status
79 silly cache add args [ 'nan@>=2.0.0', null ]
80 verbose cache add spec nan@>=2.0.0
81 silly cache add parsed spec Result {
81 silly cache add   raw: 'nan@>=2.0.0',
81 silly cache add   scope: null,
81 silly cache add   escapedName: 'nan',
81 silly cache add   name: 'nan',
81 silly cache add   rawSpec: '>=2.0.0',
81 silly cache add   spec: '>=2.0.0',
81 silly cache add   type: 'range' }
82 silly addNamed nan@>=2.0.0
83 verbose addNamed ">=2.0.0" is a valid semver range for nan
84 silly addNameRange { name: 'nan', range: '>=2.0.0', hasData: false }
85 silly mapToRegistry name nan
86 silly mapToRegistry using default registry
87 silly mapToRegistry registry https://registry.npmjs.org/
88 silly mapToRegistry data Result {
88 silly mapToRegistry   raw: 'nan',
88 silly mapToRegistry   scope: null,
88 silly mapToRegistry   escapedName: 'nan',
88 silly mapToRegistry   name: 'nan',
88 silly mapToRegistry   rawSpec: '',
88 silly mapToRegistry   spec: 'latest',
88 silly mapToRegistry   type: 'tag' }
89 silly mapToRegistry uri https://registry.npmjs.org/nan
90 verbose addNameRange registry:https://registry.npmjs.org/nan not in flight; fetching
91 verbose get https://registry.npmjs.org/nan not expired, no request
92 silly addNameRange number 2 { name: 'nan', range: '>=2.0.0', hasData: true }
93 silly addNameRange versions [ 'nan',
93 silly addNameRange   [ '0.3.0-wip',
93 silly addNameRange     '0.3.0-wip2',
93 silly addNameRange     '0.3.0',
93 silly addNameRange     '0.3.1',
93 silly addNameRange     '0.3.2',
93 silly addNameRange     '0.4.0',
93 silly addNameRange     '0.4.1',
93 silly addNameRange     '0.4.2',
93 silly addNameRange     '0.4.3',
93 silly addNameRange     '0.4.4',
93 silly addNameRange     '0.5.0',
93 silly addNameRange     '0.5.1',
93 silly addNameRange     '0.5.2',
93 silly addNameRange     '0.6.0',
93 silly addNameRange     '0.7.0',
93 silly addNameRange     '0.7.1',
93 silly addNameRange     '0.8.0',
93 silly addNameRange     '1.0.0',
93 silly addNameRange     '1.1.0',
93 silly addNameRange     '1.1.1',
93 silly addNameRange     '1.1.2',
93 silly addNameRange     '1.2.0',
93 silly addNameRange     '1.3.0',
93 silly addNameRange     '1.4.0',
93 silly addNameRange     '1.4.1',
93 silly addNameRange     '1.5.0',
93 silly addNameRange     '1.4.2',
93 silly addNameRange     '1.4.3',
93 silly addNameRange     '1.5.1',
93 silly addNameRange     '1.5.2',
93 silly addNameRange     '1.6.0',
93 silly addNameRange     '1.5.3',
93 silly addNameRange     '1.6.1',
93 silly addNameRange     '1.6.2',
93 silly addNameRange     '1.7.0',
93 silly addNameRange     '1.8.0',
93 silly addNameRange     '1.8.1',
93 silly addNameRange     '1.8.2',
93 silly addNameRange     '1.8.3',
93 silly addNameRange     '1.8.4',
93 silly addNameRange     '1.9.0',
93 silly addNameRange     '2.0.0',
93 silly addNameRange     '2.0.1',
93 silly addNameRange     '2.0.2',
93 silly addNameRange     '2.0.3',
93 silly addNameRange     '2.0.4',
93 silly addNameRange     '2.0.5',
93 silly addNameRange     '2.0.6',
93 silly addNameRange     '2.0.7',
93 silly addNameRange     '2.0.8',
93 silly addNameRange     '2.0.9',
93 silly addNameRange     '2.1.0',
93 silly addNameRange     '2.2.0',
93 silly addNameRange     '2.2.1',
93 silly addNameRange     '2.3.0',
93 silly addNameRange     '2.3.1',
93 silly addNameRange     '2.3.2',
93 silly addNameRange     '2.3.3',
93 silly addNameRange     '2.3.4',
93 silly addNameRange     '2.3.5',
93 silly addNameRange     '2.4.0',
93 silly addNameRange     '2.5.0',
93 silly addNameRange     '2.5.1' ] ]
94 silly addNamed nan@2.5.1
95 verbose addNamed "2.5.1" is a plain semver version for nan
96 silly cache afterAdd nan@2.5.1
97 verbose afterAdd /home/weipcao/.npm/nan/2.5.1/package/package.json not in flight; writing
98 verbose correctMkdir /home/weipcao/.npm correctMkdir not in flight; initializing
99 verbose afterAdd /home/weipcao/.npm/nan/2.5.1/package/package.json written
100 silly loadAllDepsIntoIdealTree Finishing
101 silly loadIdealTree Finishing
102 silly currentTree connector@1.0.0
102 silly currentTree ├── accepts@1.3.3
102 silly currentTree ├── ansi-regex@2.1.1
102 silly currentTree ├── ansi-styles@2.2.1
102 silly currentTree ├── array-flatten@1.1.1
102 silly currentTree ├── asn1@0.2.3
102 silly currentTree ├── assert-plus@0.2.0
102 silly currentTree ├── asynckit@0.4.0
102 silly currentTree ├── aws-sign2@0.6.0
102 silly currentTree ├── aws4@1.6.0
102 silly currentTree ├── bcrypt-pbkdf@1.0.1
102 silly currentTree ├── boom@2.10.1
102 silly currentTree ├── caseless@0.11.0
102 silly currentTree ├── chalk@1.1.3
102 silly currentTree ├── combined-stream@1.0.5
102 silly currentTree ├── commander@2.9.0
102 silly currentTree ├── content-disposition@0.5.2
102 silly currentTree ├── content-type@1.0.2
102 silly currentTree ├── cookie-signature@1.0.6
102 silly currentTree ├── cookie@0.3.1
102 silly currentTree ├── cryptiles@2.0.5
102 silly currentTree ├─┬ dashdash@1.14.1
102 silly currentTree │ └── assert-plus@1.0.0
102 silly currentTree ├── debug@2.2.0
102 silly currentTree ├── delayed-stream@1.0.0
102 silly currentTree ├── depd@1.1.0
102 silly currentTree ├── destroy@1.0.4
102 silly currentTree ├── ecc-jsbn@0.1.1
102 silly currentTree ├── ee-first@1.1.1
102 silly currentTree ├── encodeurl@1.0.1
102 silly currentTree ├── escape-html@1.0.3
102 silly currentTree ├── escape-string-regexp@1.0.5
102 silly currentTree ├── etag@1.7.0
102 silly currentTree ├── express@4.14.1
102 silly currentTree ├── extend@3.0.0
102 silly currentTree ├── extsprintf@1.0.2
102 silly currentTree ├── finalhandler@0.5.1
102 silly currentTree ├── forever-agent@0.6.1
102 silly currentTree ├── form-data@2.1.2
102 silly currentTree ├── forwarded@0.1.0
102 silly currentTree ├── fresh@0.3.0
102 silly currentTree ├── generate-function@2.0.0
102 silly currentTree ├── generate-object-property@1.2.0
102 silly currentTree ├─┬ getpass@0.1.6
102 silly currentTree │ └── assert-plus@1.0.0
102 silly currentTree ├── graceful-readlink@1.0.1
102 silly currentTree ├── har-validator@2.0.6
102 silly currentTree ├── has-ansi@2.0.0
102 silly currentTree ├── hawk@3.1.3
102 silly currentTree ├── hoek@2.16.3
102 silly currentTree ├── http-errors@1.5.1
102 silly currentTree ├── http-signature@1.1.1
102 silly currentTree ├── http@0.0.0
102 silly currentTree ├── inherits@2.0.3
102 silly currentTree ├── ipaddr.js@1.2.0
102 silly currentTree ├── is-my-json-valid@2.15.0
102 silly currentTree ├── is-property@1.0.2
102 silly currentTree ├── is-typedarray@1.0.0
102 silly currentTree ├── isstream@0.1.2
102 silly currentTree ├── jodid25519@1.0.2
102 silly currentTree ├── jsbn@0.1.1
102 silly currentTree ├── json-schema@0.2.3
102 silly currentTree ├── json-stringify-safe@5.0.1
102 silly currentTree ├── jsonpointer@4.0.1
102 silly currentTree ├── jsprim@1.3.1
102 silly currentTree ├── media-typer@0.3.0
102 silly currentTree ├── merge-descriptors@1.0.1
102 silly currentTree ├── methods@1.1.2
102 silly currentTree ├── mime-db@1.26.0
102 silly currentTree ├── mime-types@2.1.14
102 silly currentTree ├── mime@1.3.4
102 silly currentTree ├── ms@0.7.1
102 silly currentTree ├── negotiator@0.6.1
102 silly currentTree ├── net@1.0.2
102 silly currentTree ├── oauth-sign@0.8.2
102 silly currentTree ├── on-finished@2.3.0
102 silly currentTree ├── parseurl@1.3.1
102 silly currentTree ├── path-to-regexp@0.1.7
102 silly currentTree ├── pinkie-promise@2.0.1
102 silly currentTree ├── pinkie@2.0.4
102 silly currentTree ├── proxy-addr@1.1.3
102 silly currentTree ├── punycode@1.4.1
102 silly currentTree ├── qs@6.2.0
102 silly currentTree ├── range-parser@1.2.0
102 silly currentTree ├─┬ request@2.79.0
102 silly currentTree │ └── qs@6.3.0
102 silly currentTree ├─┬ send@0.14.2
102 silly currentTree │ └── ms@0.7.2
102 silly currentTree ├── serve-static@1.11.2
102 silly currentTree ├── setprototypeof@1.0.2
102 silly currentTree ├── sntp@1.0.9
102 silly currentTree ├─┬ sshpk@1.10.2
102 silly currentTree │ └── assert-plus@1.0.0
102 silly currentTree ├── statuses@1.3.1
102 silly currentTree ├── stringstream@0.0.5
102 silly currentTree ├── strip-ansi@3.0.1
102 silly currentTree ├── supports-color@2.0.0
102 silly currentTree ├── tough-cookie@2.3.2
102 silly currentTree ├── tunnel-agent@0.4.3
102 silly currentTree ├── tweetnacl@0.14.5
102 silly currentTree ├── type-is@1.6.14
102 silly currentTree ├── unpipe@1.0.0
102 silly currentTree ├── utils-merge@1.0.0
102 silly currentTree ├── uuid@3.0.1
102 silly currentTree ├── vary@1.1.0
102 silly currentTree ├── verror@1.3.6
102 silly currentTree └── xtend@4.0.1
103 silly idealTree connector@1.0.0
103 silly idealTree ├── accepts@1.3.3
103 silly idealTree ├── ansi-regex@2.1.1
103 silly idealTree ├── ansi-styles@2.2.1
103 silly idealTree ├── array-flatten@1.1.1
103 silly idealTree ├── asn1@0.2.3
103 silly idealTree ├── assert-plus@0.2.0
103 silly idealTree ├── asynckit@0.4.0
103 silly idealTree ├── aws-sign2@0.6.0
103 silly idealTree ├── aws4@1.6.0
103 silly idealTree ├── bcrypt-pbkdf@1.0.1
103 silly idealTree ├── boom@2.10.1
103 silly idealTree ├── caseless@0.11.0
103 silly idealTree ├── chalk@1.1.3
103 silly idealTree ├── combined-stream@1.0.5
103 silly idealTree ├── commander@2.9.0
103 silly idealTree ├── content-disposition@0.5.2
103 silly idealTree ├── content-type@1.0.2
103 silly idealTree ├── cookie-signature@1.0.6
103 silly idealTree ├── cookie@0.3.1
103 silly idealTree ├── cryptiles@2.0.5
103 silly idealTree ├─┬ dashdash@1.14.1
103 silly idealTree │ └── assert-plus@1.0.0
103 silly idealTree ├── debug@2.2.0
103 silly idealTree ├── delayed-stream@1.0.0
103 silly idealTree ├── depd@1.1.0
103 silly idealTree ├── destroy@1.0.4
103 silly idealTree ├── ecc-jsbn@0.1.1
103 silly idealTree ├── ee-first@1.1.1
103 silly idealTree ├── encodeurl@1.0.1
103 silly idealTree ├── escape-html@1.0.3
103 silly idealTree ├── escape-string-regexp@1.0.5
103 silly idealTree ├── etag@1.7.0
103 silly idealTree ├── express@4.14.1
103 silly idealTree ├── extend@3.0.0
103 silly idealTree ├── extsprintf@1.0.2
103 silly idealTree ├── finalhandler@0.5.1
103 silly idealTree ├── forever-agent@0.6.1
103 silly idealTree ├── form-data@2.1.2
103 silly idealTree ├── forwarded@0.1.0
103 silly idealTree ├── fresh@0.3.0
103 silly idealTree ├── generate-function@2.0.0
103 silly idealTree ├── generate-object-property@1.2.0
103 silly idealTree ├─┬ getpass@0.1.6
103 silly idealTree │ └── assert-plus@1.0.0
103 silly idealTree ├── graceful-readlink@1.0.1
103 silly idealTree ├── har-validator@2.0.6
103 silly idealTree ├── has-ansi@2.0.0
103 silly idealTree ├── hawk@3.1.3
103 silly idealTree ├── hoek@2.16.3
103 silly idealTree ├── http-errors@1.5.1
103 silly idealTree ├── http-signature@1.1.1
103 silly idealTree ├── http@0.0.0
103 silly idealTree ├── inherits@2.0.3
103 silly idealTree ├── ipaddr.js@1.2.0
103 silly idealTree ├── is-my-json-valid@2.15.0
103 silly idealTree ├── is-property@1.0.2
103 silly idealTree ├── is-typedarray@1.0.0
103 silly idealTree ├── isstream@0.1.2
103 silly idealTree ├── jodid25519@1.0.2
103 silly idealTree ├── jsbn@0.1.1
103 silly idealTree ├── json-schema@0.2.3
103 silly idealTree ├── json-stringify-safe@5.0.1
103 silly idealTree ├── jsonpointer@4.0.1
103 silly idealTree ├── jsprim@1.3.1
103 silly idealTree ├── media-typer@0.3.0
103 silly idealTree ├── merge-descriptors@1.0.1
103 silly idealTree ├── methods@1.1.2
103 silly idealTree ├── mime-db@1.26.0
103 silly idealTree ├── mime-types@2.1.14
103 silly idealTree ├── mime@1.3.4
103 silly idealTree ├── ms@0.7.1
103 silly idealTree ├── nan@2.5.1
103 silly idealTree ├── negotiator@0.6.1
103 silly idealTree ├── net@1.0.2
103 silly idealTree ├── oauth-sign@0.8.2
103 silly idealTree ├── on-finished@2.3.0
103 silly idealTree ├── parseurl@1.3.1
103 silly idealTree ├── path-to-regexp@0.1.7
103 silly idealTree ├── pinkie-promise@2.0.1
103 silly idealTree ├── pinkie@2.0.4
103 silly idealTree ├── proxy-addr@1.1.3
103 silly idealTree ├── punycode@1.4.1
103 silly idealTree ├── qs@6.2.0
103 silly idealTree ├── range-parser@1.2.0
103 silly idealTree ├─┬ request@2.79.0
103 silly idealTree │ └── qs@6.3.0
103 silly idealTree ├─┬ send@0.14.2
103 silly idealTree │ └── ms@0.7.2
103 silly idealTree ├── serve-static@1.11.2
103 silly idealTree ├── setprototypeof@1.0.2
103 silly idealTree ├── sleep@5.1.0
103 silly idealTree ├── sntp@1.0.9
103 silly idealTree ├─┬ sshpk@1.10.2
103 silly idealTree │ └── assert-plus@1.0.0
103 silly idealTree ├── statuses@1.3.1
103 silly idealTree ├── stringstream@0.0.5
103 silly idealTree ├── strip-ansi@3.0.1
103 silly idealTree ├── supports-color@2.0.0
103 silly idealTree ├── tough-cookie@2.3.2
103 silly idealTree ├── tunnel-agent@0.4.3
103 silly idealTree ├── tweetnacl@0.14.5
103 silly idealTree ├── type-is@1.6.14
103 silly idealTree ├── unpipe@1.0.0
103 silly idealTree ├── utils-merge@1.0.0
103 silly idealTree ├── uuid@3.0.1
103 silly idealTree ├── vary@1.1.0
103 silly idealTree ├── verror@1.3.6
103 silly idealTree └── xtend@4.0.1
104 silly generateActionsToTake Starting
105 silly install generateActionsToTake
106 silly generateActionsToTake Finishing
107 silly diffTrees action count 2
108 silly diffTrees add nan@2.5.1
109 silly diffTrees add sleep@5.1.0
110 silly decomposeActions action count 16
111 silly decomposeActions fetch nan@2.5.1
112 silly decomposeActions extract nan@2.5.1
113 silly decomposeActions test nan@2.5.1
114 silly decomposeActions preinstall nan@2.5.1
115 silly decomposeActions build nan@2.5.1
116 silly decomposeActions install nan@2.5.1
117 silly decomposeActions postinstall nan@2.5.1
118 silly decomposeActions finalize nan@2.5.1
119 silly decomposeActions fetch sleep@5.1.0
120 silly decomposeActions extract sleep@5.1.0
121 silly decomposeActions test sleep@5.1.0
122 silly decomposeActions preinstall sleep@5.1.0
123 silly decomposeActions build sleep@5.1.0
124 silly decomposeActions install sleep@5.1.0
125 silly decomposeActions postinstall sleep@5.1.0
126 silly decomposeActions finalize sleep@5.1.0
127 silly runTopLevelLifecycles Starting
128 silly executeActions Starting
129 silly install executeActions
130 silly doSerial global-install 0
131 silly doParallel fetch 2
132 verbose correctMkdir /home/weipcao/.npm/_locks correctMkdir not in flight; initializing
133 verbose lock using /home/weipcao/.npm/_locks/staging-b2c8842f84f425ee.lock for /home/weipcao/Desktop/Senior_Project/buildingbrains_hub/connector/node_modules/.staging
134 silly doParallel extract 2
135 silly extract nan@2.5.1
136 silly extract sleep@5.1.0
137 verbose unbuild node_modules/.staging/nan-7374b74d
138 verbose unbuild node_modules/.staging/sleep-e9abd53e
139 silly gentlyRm /home/weipcao/Desktop/Senior_Project/buildingbrains_hub/connector/node_modules/.staging/nan-7374b74d is being purged from base /home/weipcao/Desktop/Senior_Project/buildingbrains_hub/connector
140 verbose gentlyRm don't care about contents; nuking /home/weipcao/Desktop/Senior_Project/buildingbrains_hub/connector/node_modules/.staging/nan-7374b74d
141 silly gentlyRm /home/weipcao/Desktop/Senior_Project/buildingbrains_hub/connector/node_modules/.staging/sleep-e9abd53e is being purged from base /home/weipcao/Desktop/Senior_Project/buildingbrains_hub/connector
142 verbose gentlyRm don't care about contents; nuking /home/weipcao/Desktop/Senior_Project/buildingbrains_hub/connector/node_modules/.staging/sleep-e9abd53e
143 verbose tar unpack /home/weipcao/.npm/nan/2.5.1/package.tgz
144 verbose tar unpacking to /home/weipcao/Desktop/Senior_Project/buildingbrains_hub/connector/node_modules/.staging/nan-7374b74d
145 silly gentlyRm /home/weipcao/Desktop/Senior_Project/buildingbrains_hub/connector/node_modules/.staging/nan-7374b74d is being purged
146 verbose gentlyRm don't care about contents; nuking /home/weipcao/Desktop/Senior_Project/buildingbrains_hub/connector/node_modules/.staging/nan-7374b74d
147 verbose tar unpack /home/weipcao/.npm/sleep/5.1.0/package.tgz
148 verbose tar unpacking to /home/weipcao/Desktop/Senior_Project/buildingbrains_hub/connector/node_modules/.staging/sleep-e9abd53e
149 silly gentlyRm /home/weipcao/Desktop/Senior_Project/buildingbrains_hub/connector/node_modules/.staging/sleep-e9abd53e is being purged
150 verbose gentlyRm don't care about contents; nuking /home/weipcao/Desktop/Senior_Project/buildingbrains_hub/connector/node_modules/.staging/sleep-e9abd53e
151 silly gunzTarPerm modes [ '755', '644' ]
152 silly gunzTarPerm modes [ '755', '644' ]
153 silly gunzTarPerm extractEntry package.json
154 silly gunzTarPerm modified mode [ 'package.json', 436, 420 ]
155 silly gunzTarPerm extractEntry package.json
156 silly gunzTarPerm modified mode [ 'package.json', 436, 420 ]
157 silly gunzTarPerm extractEntry README.md
158 silly gunzTarPerm modified mode [ 'README.md', 436, 420 ]
159 silly gunzTarPerm extractEntry include_dirs.js
160 silly gunzTarPerm modified mode [ 'include_dirs.js', 436, 420 ]
161 silly gunzTarPerm extractEntry .npmignore
162 silly gunzTarPerm modified mode [ '.npmignore', 436, 420 ]
163 silly gunzTarPerm extractEntry README.md
164 silly gunzTarPerm modified mode [ 'README.md', 436, 420 ]
165 silly gunzTarPerm extractEntry nan_converters.h
166 silly gunzTarPerm modified mode [ 'nan_converters.h', 436, 420 ]
167 silly gunzTarPerm extractEntry CHANGELOG.md
168 silly gunzTarPerm modified mode [ 'CHANGELOG.md', 436, 420 ]
169 silly gunzTarPerm extractEntry LICENSE.md
170 silly gunzTarPerm modified mode [ 'LICENSE.md', 436, 420 ]
171 silly gunzTarPerm extractEntry test.js
172 silly gunzTarPerm modified mode [ 'test.js', 436, 420 ]
173 silly gunzTarPerm extractEntry index.js
174 silly gunzTarPerm modified mode [ 'index.js', 436, 420 ]
175 silly gunzTarPerm extractEntry doc/node_misc.md
176 silly gunzTarPerm modified mode [ 'doc/node_misc.md', 436, 420 ]
177 silly gunzTarPerm extractEntry LICENSE.txt
178 silly gunzTarPerm modified mode [ 'LICENSE.txt', 436, 420 ]
179 silly gunzTarPerm extractEntry sleep.cc
180 silly gunzTarPerm modified mode [ 'sleep.cc', 436, 420 ]
181 silly gunzTarPerm extractEntry doc/asyncworker.md
182 silly gunzTarPerm modified mode [ 'doc/asyncworker.md', 436, 420 ]
183 silly gunzTarPerm extractEntry doc/callback.md
184 silly gunzTarPerm modified mode [ 'doc/callback.md', 436, 420 ]
185 silly gunzTarPerm extractEntry binding.gyp
186 silly gunzTarPerm modified mode [ 'binding.gyp', 436, 420 ]
187 silly gunzTarPerm extractEntry doc/converters.md
188 silly gunzTarPerm modified mode [ 'doc/converters.md', 436, 420 ]
189 silly gunzTarPerm extractEntry doc/errors.md
190 silly gunzTarPerm modified mode [ 'doc/errors.md', 436, 420 ]
191 silly gunzTarPerm extractEntry doc/maybe_types.md
192 silly gunzTarPerm modified mode [ 'doc/maybe_types.md', 436, 420 ]
193 silly gunzTarPerm extractEntry doc/methods.md
194 silly gunzTarPerm modified mode [ 'doc/methods.md', 436, 420 ]
195 silly gunzTarPerm extractEntry doc/new.md
196 silly gunzTarPerm modified mode [ 'doc/new.md', 436, 420 ]
197 silly gunzTarPerm extractEntry doc/buffers.md
198 silly gunzTarPerm modified mode [ 'doc/buffers.md', 436, 420 ]
199 silly gunzTarPerm extractEntry doc/object_wrappers.md
200 silly gunzTarPerm modified mode [ 'doc/object_wrappers.md', 436, 420 ]
201 silly gunzTarPerm extractEntry doc/persistent.md
202 silly gunzTarPerm modified mode [ 'doc/persistent.md', 436, 420 ]
203 silly gunzTarPerm extractEntry doc/scopes.md
204 silly gunzTarPerm modified mode [ 'doc/scopes.md', 436, 420 ]
205 silly gunzTarPerm extractEntry doc/script.md
206 silly gunzTarPerm modified mode [ 'doc/script.md', 436, 420 ]
207 silly gunzTarPerm extractEntry doc/string_bytes.md
208 silly gunzTarPerm modified mode [ 'doc/string_bytes.md', 436, 420 ]
209 silly gunzTarPerm extractEntry doc/v8_internals.md
210 silly gunzTarPerm modified mode [ 'doc/v8_internals.md', 436, 420 ]
211 silly gunzTarPerm extractEntry doc/v8_misc.md
212 silly gunzTarPerm modified mode [ 'doc/v8_misc.md', 436, 420 ]
213 silly gunzTarPerm extractEntry nan.h
214 silly gunzTarPerm modified mode [ 'nan.h', 436, 420 ]
215 silly gunzTarPerm extractEntry nan_callbacks.h
216 silly gunzTarPerm modified mode [ 'nan_callbacks.h', 436, 420 ]
217 silly gentlyRm /home/weipcao/Desktop/Senior_Project/buildingbrains_hub/connector/node_modules/.staging/sleep-e9abd53e/node_modules is being purged
218 verbose gentlyRm don't care about contents; nuking /home/weipcao/Desktop/Senior_Project/buildingbrains_hub/connector/node_modules/.staging/sleep-e9abd53e/node_modules
219 silly gunzTarPerm extractEntry nan_callbacks_12_inl.h
220 silly gunzTarPerm modified mode [ 'nan_callbacks_12_inl.h', 436, 420 ]
221 silly gunzTarPerm extractEntry nan_callbacks_pre_12_inl.h
222 silly gunzTarPerm modified mode [ 'nan_callbacks_pre_12_inl.h', 436, 420 ]
223 silly gunzTarPerm extractEntry nan_converters_43_inl.h
224 silly gunzTarPerm modified mode [ 'nan_converters_43_inl.h', 436, 420 ]
225 silly gunzTarPerm extractEntry nan_converters_pre_43_inl.h
226 silly gunzTarPerm modified mode [ 'nan_converters_pre_43_inl.h', 436, 420 ]
227 silly gunzTarPerm extractEntry nan_implementation_12_inl.h
228 silly gunzTarPerm modified mode [ 'nan_implementation_12_inl.h', 436, 420 ]
229 silly gunzTarPerm extractEntry nan_implementation_pre_12_inl.h
230 silly gunzTarPerm modified mode [ 'nan_implementation_pre_12_inl.h', 436, 420 ]
231 silly gunzTarPerm extractEntry nan_maybe_43_inl.h
232 silly gunzTarPerm modified mode [ 'nan_maybe_43_inl.h', 436, 420 ]
233 silly gunzTarPerm extractEntry nan_maybe_pre_43_inl.h
234 silly gunzTarPerm modified mode [ 'nan_maybe_pre_43_inl.h', 436, 420 ]
235 silly gunzTarPerm extractEntry nan_new.h
236 silly gunzTarPerm modified mode [ 'nan_new.h', 436, 420 ]
237 silly gunzTarPerm extractEntry nan_object_wrap.h
238 silly gunzTarPerm modified mode [ 'nan_object_wrap.h', 436, 420 ]
239 silly gunzTarPerm extractEntry nan_persistent_12_inl.h
240 silly gunzTarPerm modified mode [ 'nan_persistent_12_inl.h', 436, 420 ]
241 silly gunzTarPerm extractEntry nan_persistent_pre_12_inl.h
242 silly gunzTarPerm modified mode [ 'nan_persistent_pre_12_inl.h', 436, 420 ]
243 silly gunzTarPerm extractEntry nan_private.h
244 silly gunzTarPerm modified mode [ 'nan_private.h', 436, 420 ]
245 silly gunzTarPerm extractEntry nan_string_bytes.h
246 silly gunzTarPerm modified mode [ 'nan_string_bytes.h', 436, 420 ]
247 silly gunzTarPerm extractEntry nan_typedarray_contents.h
248 silly gunzTarPerm modified mode [ 'nan_typedarray_contents.h', 436, 420 ]
249 silly gunzTarPerm extractEntry nan_weak.h
250 silly gunzTarPerm modified mode [ 'nan_weak.h', 436, 420 ]
251 silly gunzTarPerm extractEntry tools/package.json
252 silly gunzTarPerm modified mode [ 'tools/package.json', 436, 420 ]
253 silly gunzTarPerm extractEntry tools/README.md
254 silly gunzTarPerm modified mode [ 'tools/README.md', 436, 420 ]
255 silly gunzTarPerm extractEntry tools/1to2.js
256 silly gunzTarPerm modified mode [ 'tools/1to2.js', 509, 493 ]
257 silly gentlyRm /home/weipcao/Desktop/Senior_Project/buildingbrains_hub/connector/node_modules/.staging/nan-7374b74d/node_modules is being purged
258 verbose gentlyRm don't care about contents; nuking /home/weipcao/Desktop/Senior_Project/buildingbrains_hub/connector/node_modules/.staging/nan-7374b74d/node_modules
259 silly doParallel preinstall 2
260 silly preinstall nan@2.5.1
261 info lifecycle nan@2.5.1~preinstall: nan@2.5.1
262 silly preinstall sleep@5.1.0
263 info lifecycle sleep@5.1.0~preinstall: sleep@5.1.0
264 silly lifecycle nan@2.5.1~preinstall: no script for preinstall, continuing
265 silly lifecycle sleep@5.1.0~preinstall: no script for preinstall, continuing
266 silly doReverseSerial remove 0
267 silly doSerial move 0
268 silly doSerial finalize 2
269 silly finalize /home/weipcao/Desktop/Senior_Project/buildingbrains_hub/connector/node_modules/nan
270 silly finalize /home/weipcao/Desktop/Senior_Project/buildingbrains_hub/connector/node_modules/sleep
271 silly doSerial build 2
272 silly build nan@2.5.1
273 info linkStuff nan@2.5.1
274 silly linkStuff nan@2.5.1 has /home/weipcao/Desktop/Senior_Project/buildingbrains_hub/connector/node_modules as its parent node_modules
275 verbose linkBins nan@2.5.1
276 verbose linkMans nan@2.5.1
277 silly build sleep@5.1.0
278 info linkStuff sleep@5.1.0
279 silly linkStuff sleep@5.1.0 has /home/weipcao/Desktop/Senior_Project/buildingbrains_hub/connector/node_modules as its parent node_modules
280 verbose linkBins sleep@5.1.0
281 verbose linkMans sleep@5.1.0
282 silly doSerial global-link 0
283 silly doParallel update-linked 0
284 silly doSerial install 2
285 silly install nan@2.5.1
286 info lifecycle nan@2.5.1~install: nan@2.5.1
287 silly lifecycle nan@2.5.1~install: no script for install, continuing
288 silly install sleep@5.1.0
289 info lifecycle sleep@5.1.0~install: sleep@5.1.0
290 verbose lifecycle sleep@5.1.0~install: unsafe-perm in lifecycle false
291 verbose lifecycle sleep@5.1.0~install: PATH: /usr/local/lib/node_modules/npm/bin/node-gyp-bin:/home/weipcao/Desktop/Senior_Project/buildingbrains_hub/connector/node_modules/sleep/node_modules/.bin:/home/weipcao/Desktop/Senior_Project/buildingbrains_hub/connector/node_modules/.bin:/usr/local/sbin:/usr/local/bin:/usr/sbin:/usr/bin:/sbin:/bin:/snap/bin
292 verbose lifecycle sleep@5.1.0~install: CWD: /home/weipcao/Desktop/Senior_Project/buildingbrains_hub/connector/node_modules/sleep
293 silly lifecycle sleep@5.1.0~install: Args: [ '-c', 'node-gyp rebuild' ]
294 silly lifecycle sleep@5.1.0~install: Returned: code: 1  signal: null
295 info lifecycle sleep@5.1.0~install: Failed to exec install script
296 verbose unlock done using /home/weipcao/.npm/_locks/staging-b2c8842f84f425ee.lock for /home/weipcao/Desktop/Senior_Project/buildingbrains_hub/connector/node_modules/.staging
297 silly rollbackFailedOptional Starting
298 silly gentlyRm /home/weipcao/Desktop/Senior_Project/buildingbrains_hub/connector/node_modules/nan is being purged from base /home/weipcao/Desktop/Senior_Project/buildingbrains_hub/connector
299 verbose gentlyRm don't care about contents; nuking /home/weipcao/Desktop/Senior_Project/buildingbrains_hub/connector/node_modules/nan
300 silly gentlyRm /home/weipcao/Desktop/Senior_Project/buildingbrains_hub/connector/node_modules/nan is being purged from base /home/weipcao/Desktop/Senior_Project/buildingbrains_hub/connector
301 verbose gentlyRm don't care about contents; nuking /home/weipcao/Desktop/Senior_Project/buildingbrains_hub/connector/node_modules/nan
302 silly gentlyRm /home/weipcao/Desktop/Senior_Project/buildingbrains_hub/connector/node_modules/nan is being purged from base /home/weipcao/Desktop/Senior_Project/buildingbrains_hub/connector
303 verbose gentlyRm don't care about contents; nuking /home/weipcao/Desktop/Senior_Project/buildingbrains_hub/connector/node_modules/nan
304 silly gentlyRm /home/weipcao/Desktop/Senior_Project/buildingbrains_hub/connector/node_modules/nan is being purged from base /home/weipcao/Desktop/Senior_Project/buildingbrains_hub/connector
305 verbose gentlyRm don't care about contents; nuking /home/weipcao/Desktop/Senior_Project/buildingbrains_hub/connector/node_modules/nan
306 silly gentlyRm /home/weipcao/Desktop/Senior_Project/buildingbrains_hub/connector/node_modules/nan is being purged from base /home/weipcao/Desktop/Senior_Project/buildingbrains_hub/connector
307 verbose gentlyRm don't care about contents; nuking /home/weipcao/Desktop/Senior_Project/buildingbrains_hub/connector/node_modules/nan
308 silly gentlyRm /home/weipcao/Desktop/Senior_Project/buildingbrains_hub/connector/node_modules/nan is being purged from base /home/weipcao/Desktop/Senior_Project/buildingbrains_hub/connector
309 verbose gentlyRm don't care about contents; nuking /home/weipcao/Desktop/Senior_Project/buildingbrains_hub/connector/node_modules/nan
310 silly gentlyRm /home/weipcao/Desktop/Senior_Project/buildingbrains_hub/connector/node_modules/nan is being purged from base /home/weipcao/Desktop/Senior_Project/buildingbrains_hub/connector
311 verbose gentlyRm don't care about contents; nuking /home/weipcao/Desktop/Senior_Project/buildingbrains_hub/connector/node_modules/nan
312 silly gentlyRm /home/weipcao/Desktop/Senior_Project/buildingbrains_hub/connector/node_modules/nan is being purged from base /home/weipcao/Desktop/Senior_Project/buildingbrains_hub/connector
313 verbose gentlyRm don't care about contents; nuking /home/weipcao/Desktop/Senior_Project/buildingbrains_hub/connector/node_modules/nan
314 silly gentlyRm /home/weipcao/Desktop/Senior_Project/buildingbrains_hub/connector/node_modules/sleep is being purged from base /home/weipcao/Desktop/Senior_Project/buildingbrains_hub/connector
315 verbose gentlyRm don't care about contents; nuking /home/weipcao/Desktop/Senior_Project/buildingbrains_hub/connector/node_modules/sleep
316 silly gentlyRm /home/weipcao/Desktop/Senior_Project/buildingbrains_hub/connector/node_modules/sleep is being purged from base /home/weipcao/Desktop/Senior_Project/buildingbrains_hub/connector
317 verbose gentlyRm don't care about contents; nuking /home/weipcao/Desktop/Senior_Project/buildingbrains_hub/connector/node_modules/sleep
318 silly gentlyRm /home/weipcao/Desktop/Senior_Project/buildingbrains_hub/connector/node_modules/sleep is being purged from base /home/weipcao/Desktop/Senior_Project/buildingbrains_hub/connector
319 verbose gentlyRm don't care about contents; nuking /home/weipcao/Desktop/Senior_Project/buildingbrains_hub/connector/node_modules/sleep
320 silly gentlyRm /home/weipcao/Desktop/Senior_Project/buildingbrains_hub/connector/node_modules/sleep is being purged from base /home/weipcao/Desktop/Senior_Project/buildingbrains_hub/connector
321 verbose gentlyRm don't care about contents; nuking /home/weipcao/Desktop/Senior_Project/buildingbrains_hub/connector/node_modules/sleep
322 silly gentlyRm /home/weipcao/Desktop/Senior_Project/buildingbrains_hub/connector/node_modules/sleep is being purged from base /home/weipcao/Desktop/Senior_Project/buildingbrains_hub/connector
323 verbose gentlyRm don't care about contents; nuking /home/weipcao/Desktop/Senior_Project/buildingbrains_hub/connector/node_modules/sleep
324 silly gentlyRm /home/weipcao/Desktop/Senior_Project/buildingbrains_hub/connector/node_modules/sleep is being purged from base /home/weipcao/Desktop/Senior_Project/buildingbrains_hub/connector
325 verbose gentlyRm don't care about contents; nuking /home/weipcao/Desktop/Senior_Project/buildingbrains_hub/connector/node_modules/sleep
326 silly gentlyRm /home/weipcao/Desktop/Senior_Project/buildingbrains_hub/connector/node_modules/sleep is being purged from base /home/weipcao/Desktop/Senior_Project/buildingbrains_hub/connector
327 verbose gentlyRm don't care about contents; nuking /home/weipcao/Desktop/Senior_Project/buildingbrains_hub/connector/node_modules/sleep
328 silly gentlyRm /home/weipcao/Desktop/Senior_Project/buildingbrains_hub/connector/node_modules/sleep is being purged from base /home/weipcao/Desktop/Senior_Project/buildingbrains_hub/connector
329 verbose gentlyRm don't care about contents; nuking /home/weipcao/Desktop/Senior_Project/buildingbrains_hub/connector/node_modules/sleep
330 silly vacuum-fs purging /home/weipcao/Desktop/Senior_Project/buildingbrains_hub/connector/node_modules/nan
331 silly vacuum-fs purging /home/weipcao/Desktop/Senior_Project/buildingbrains_hub/connector/node_modules/nan
332 silly vacuum-fs purging /home/weipcao/Desktop/Senior_Project/buildingbrains_hub/connector/node_modules/nan
333 silly vacuum-fs purging /home/weipcao/Desktop/Senior_Project/buildingbrains_hub/connector/node_modules/nan
334 silly vacuum-fs purging /home/weipcao/Desktop/Senior_Project/buildingbrains_hub/connector/node_modules/nan
335 silly vacuum-fs purging /home/weipcao/Desktop/Senior_Project/buildingbrains_hub/connector/node_modules/nan
336 silly vacuum-fs purging /home/weipcao/Desktop/Senior_Project/buildingbrains_hub/connector/node_modules/nan
337 silly vacuum-fs purging /home/weipcao/Desktop/Senior_Project/buildingbrains_hub/connector/node_modules/nan
338 silly vacuum-fs purging /home/weipcao/Desktop/Senior_Project/buildingbrains_hub/connector/node_modules/sleep
339 silly vacuum-fs purging /home/weipcao/Desktop/Senior_Project/buildingbrains_hub/connector/node_modules/sleep
340 silly vacuum-fs purging /home/weipcao/Desktop/Senior_Project/buildingbrains_hub/connector/node_modules/sleep
341 silly vacuum-fs purging /home/weipcao/Desktop/Senior_Project/buildingbrains_hub/connector/node_modules/sleep
342 silly vacuum-fs purging /home/weipcao/Desktop/Senior_Project/buildingbrains_hub/connector/node_modules/sleep
343 silly vacuum-fs purging /home/weipcao/Desktop/Senior_Project/buildingbrains_hub/connector/node_modules/sleep
344 silly vacuum-fs purging /home/weipcao/Desktop/Senior_Project/buildingbrains_hub/connector/node_modules/sleep
345 silly vacuum-fs purging /home/weipcao/Desktop/Senior_Project/buildingbrains_hub/connector/node_modules/sleep
346 silly vacuum-fs quitting because other entries in /home/weipcao/Desktop/Senior_Project/buildingbrains_hub/connector/node_modules
347 silly vacuum-fs quitting because other entries in /home/weipcao/Desktop/Senior_Project/buildingbrains_hub/connector/node_modules
348 silly vacuum-fs quitting because other entries in /home/weipcao/Desktop/Senior_Project/buildingbrains_hub/connector/node_modules
349 silly vacuum-fs quitting because other entries in /home/weipcao/Desktop/Senior_Project/buildingbrains_hub/connector/node_modules
350 silly vacuum-fs quitting because other entries in /home/weipcao/Desktop/Senior_Project/buildingbrains_hub/connector/node_modules
351 silly vacuum-fs quitting because other entries in /home/weipcao/Desktop/Senior_Project/buildingbrains_hub/connector/node_modules
352 silly vacuum-fs quitting because other entries in /home/weipcao/Desktop/Senior_Project/buildingbrains_hub/connector/node_modules
353 silly vacuum-fs quitting because other entries in /home/weipcao/Desktop/Senior_Project/buildingbrains_hub/connector/node_modules
354 silly vacuum-fs quitting because other entries in /home/weipcao/Desktop/Senior_Project/buildingbrains_hub/connector/node_modules
355 silly vacuum-fs quitting because other entries in /home/weipcao/Desktop/Senior_Project/buildingbrains_hub/connector/node_modules
356 silly vacuum-fs quitting because other entries in /home/weipcao/Desktop/Senior_Project/buildingbrains_hub/connector/node_modules
357 silly vacuum-fs quitting because other entries in /home/weipcao/Desktop/Senior_Project/buildingbrains_hub/connector/node_modules
358 silly vacuum-fs quitting because other entries in /home/weipcao/Desktop/Senior_Project/buildingbrains_hub/connector/node_modules
359 silly vacuum-fs quitting because other entries in /home/weipcao/Desktop/Senior_Project/buildingbrains_hub/connector/node_modules
360 silly vacuum-fs quitting because other entries in /home/weipcao/Desktop/Senior_Project/buildingbrains_hub/connector/node_modules
361 silly vacuum-fs quitting because other entries in /home/weipcao/Desktop/Senior_Project/buildingbrains_hub/connector/node_modules
362 silly rollbackFailedOptional Finishing
363 silly runTopLevelLifecycles Finishing
364 silly install printInstalled
365 warn connector@1.0.0 No description
366 verbose If you need help, you may report this error at:
366 verbose     <https://github.com/npm/npm/issues>
367 warn connector@1.0.0 No repository field.
368 verbose If you need help, you may report this error at:
368 verbose     <https://github.com/npm/npm/issues>
369 verbose stack Error: sleep@5.1.0 install: `node-gyp rebuild`
369 verbose stack Exit status 1
369 verbose stack     at EventEmitter.<anonymous> (/usr/local/lib/node_modules/npm/lib/utils/lifecycle.js:279:16)
369 verbose stack     at emitTwo (events.js:106:13)
369 verbose stack     at EventEmitter.emit (events.js:191:7)
369 verbose stack     at ChildProcess.<anonymous> (/usr/local/lib/node_modules/npm/lib/utils/spawn.js:40:14)
369 verbose stack     at emitTwo (events.js:106:13)
369 verbose stack     at ChildProcess.emit (events.js:191:7)
369 verbose stack     at maybeClose (internal/child_process.js:885:16)
369 verbose stack     at Process.ChildProcess._handle.onexit (internal/child_process.js:226:5)
370 verbose pkgid sleep@5.1.0
371 verbose cwd /home/weipcao/Desktop/Senior_Project/buildingbrains_hub/connector
372 error Linux 3.16.0-38-generic
373 error argv "/usr/local/bin/node" "/usr/local/bin/npm" "install" "sleep"
374 error node v7.4.0
375 error npm  v4.0.5
376 error code ELIFECYCLE
377 error sleep@5.1.0 install: `node-gyp rebuild`
377 error Exit status 1
378 error Failed at the sleep@5.1.0 install script 'node-gyp rebuild'.
378 error Make sure you have the latest version of node.js and npm installed.
378 error If you do, this is most likely a problem with the sleep package,
378 error not with npm itself.
378 error Tell the author that this fails on your system:
378 error     node-gyp rebuild
378 error You can get information on how to open an issue for this project with:
378 error     npm bugs sleep
378 error Or if that isn't available, you can get their info via:
378 error     npm owner ls sleep
378 error There is likely additional logging output above.
379 verbose exit [ 1, true ]
